<?xml version="1.0" encoding="UTF-8"?>
<!-- Generated by org.testng.reporters.JUnitReportReporter -->
<testsuite hostname="KAJAL" failures="0" tests="2" name="com.TestCases.RegisterTestCases" time="10.912" errors="0" timestamp="2024-02-05T18:27:32 IST" skipped="0">
  <testcase classname="com.TestCases.RegisterTestCases" name="verifyInvalidRegistration" time="5.002"/>
  <testcase classname="com.TestCases.RegisterTestCases" name="verifyValidRegistration" time="5.910"/>
</testsuite> <!-- com.TestCases.RegisterTestCases -->
