<?xml version="1.0" encoding="UTF-8"?>
<!-- Generated by org.testng.reporters.JUnitReportReporter -->
<testsuite hostname="KAJAL" failures="0" tests="2" name="com.TestCases.LoginTestCases" time="11.579" errors="0" timestamp="2024-02-05T18:27:32 IST" skipped="0">
  <testcase classname="com.TestCases.LoginTestCases" name="InvalidLogin" time="5.629"/>
  <testcase classname="com.TestCases.LoginTestCases" name="ValidLogin" time="5.950"/>
</testsuite> <!-- com.TestCases.LoginTestCases -->
